# JRE version: OpenJDK Runtime Environment (7.0_65-b32) (build 1.7.0_65-b32)
# Java VM: OpenJDK 64-Bit Server VM (24.65-b04 mixed mode linux-amd64 compressed oops)
Heap
 PSYoungGen      total 17920K, used 5598K [0x00000000f2200000, 0x00000000f3b00000, 0x0000000100000000)
  eden space 13312K, 41% used [0x00000000f2200000,0x00000000f2767a50,0x00000000f2f00000)
  from space 4608K, 1% used [0x00000000f2f00000,0x00000000f2f10000,0x00000000f3380000)
  to   space 4096K, 0% used [0x00000000f3700000,0x00000000f3700000,0x00000000f3b00000)
 ParOldGen       total 138240K, used 112192K [0x00000000d6600000, 0x00000000ded00000, 0x00000000f2200000)
  object space 138240K, 81% used [0x00000000d6600000,0x00000000dd390148,0x00000000ded00000)
 PSPermGen       total 25600K, used 11747K [0x00000000cc000000, 0x00000000cd900000, 0x00000000d6600000)
  object space 25600K, 45% used [0x00000000cc000000,0x00000000ccb78fe8,0x00000000cd900000)
GC Heap History (10 events):
Event: 118.935 GC heap before
{Heap before GC invocations=18 (full 3):
 PSYoungGen      total 15360K, used 10240K [0x00000000f2200000, 0x00000000f3600000, 0x0000000100000000)
  eden space 10240K, 100% used [0x00000000f2200000,0x00000000f2c00000,0x00000000f2c00000)
  from space 5120K, 0% used [0x00000000f2c00000,0x00000000f2c00000,0x00000000f3100000)
  to   space 5120K, 0% used [0x00000000f3100000,0x00000000f3100000,0x00000000f3600000)
 ParOldGen       total 91648K, used 84574K [0x00000000d6600000, 0x00000000dbf80000, 0x00000000f2200000)
  object space 91648K, 92% used [0x00000000d6600000,0x00000000db897b88,0x00000000dbf80000)
 PSPermGen       total 26624K, used 11746K [0x00000000cc000000, 0x00000000cda00000, 0x00000000d6600000)
  object space 26624K, 44% used [0x00000000cc000000,0x00000000ccb78bf0,0x00000000cda00000)
Event: 119.019 GC heap after
Heap after GC invocations=18 (full 3):
 PSYoungGen      total 15360K, used 0K [0x00000000f2200000, 0x00000000f3600000, 0x0000000100000000)
  eden space 10240K, 0% used [0x00000000f2200000,0x00000000f2200000,0x00000000f2c00000)
  from space 5120K, 0% used [0x00000000f2c00000,0x00000000f2c00000,0x00000000f3100000)
  to   space 5120K, 0% used [0x00000000f3100000,0x00000000f3100000,0x00000000f3600000)
 ParOldGen       total 100864K, used 75328K [0x00000000d6600000, 0x00000000dc880000, 0x00000000f2200000)
  object space 100864K, 74% used [0x00000000d6600000,0x00000000daf90138,0x00000000dc880000)
 PSPermGen       total 25600K, used 11746K [0x00000000cc000000, 0x00000000cd900000, 0x00000000d6600000)
  object space 25600K, 45% used [0x00000000cc000000,0x00000000ccb78bf0,0x00000000cd900000)
}
Event: 128.256 GC heap before
{Heap before GC invocations=19 (full 3):
 PSYoungGen      total 15360K, used 10240K [0x00000000f2200000, 0x00000000f3600000, 0x0000000100000000)
  eden space 10240K, 100% used [0x00000000f2200000,0x00000000f2c00000,0x00000000f2c00000)
  from space 5120K, 0% used [0x00000000f2c00000,0x00000000f2c00000,0x00000000f3100000)
  to   space 5120K, 0% used [0x00000000f3100000,0x00000000f3100000,0x00000000f3600000)
 ParOldGen       total 100864K, used 75328K [0x00000000d6600000, 0x00000000dc880000, 0x00000000f2200000)
  object space 100864K, 74% used [0x00000000d6600000,0x00000000daf90138,0x00000000dc880000)
 PSPermGen       total 25600K, used 11746K [0x00000000cc000000, 0x00000000cd900000, 0x00000000d6600000)
  object space 25600K, 45% used [0x00000000cc000000,0x00000000ccb78bf0,0x00000000cd900000)
Event: 128.455 GC heap after
Heap after GC invocations=19 (full 3):
 PSYoungGen      total 14336K, used 64K [0x00000000f2200000, 0x00000000f3500000, 0x0000000100000000)
  eden space 10240K, 0% used [0x00000000f2200000,0x00000000f2200000,0x00000000f2c00000)
  from space 4096K, 1% used [0x00000000f3100000,0x00000000f3110000,0x00000000f3500000)
  to   space 4608K, 0% used [0x00000000f2c00000,0x00000000f2c00000,0x00000000f3080000)
 ParOldGen       total 100864K, used 75328K [0x00000000d6600000, 0x00000000dc880000, 0x00000000f2200000)
  object space 100864K, 74% used [0x00000000d6600000,0x00000000daf90138,0x00000000dc880000)
 PSPermGen       total 25600K, used 11746K [0x00000000cc000000, 0x00000000cd900000, 0x00000000d6600000)
  object space 25600K, 45% used [0x00000000cc000000,0x00000000ccb78bf0,0x00000000cd900000)
}
Event: 134.278 GC heap before
{Heap before GC invocations=20 (full 3):
 PSYoungGen      total 14336K, used 10304K [0x00000000f2200000, 0x00000000f3500000, 0x0000000100000000)
  eden space 10240K, 100% used [0x00000000f2200000,0x00000000f2c00000,0x00000000f2c00000)
  from space 4096K, 1% used [0x00000000f3100000,0x00000000f3110000,0x00000000f3500000)
  to   space 4608K, 0% used [0x00000000f2c00000,0x00000000f2c00000,0x00000000f3080000)
 ParOldGen       total 138240K, used 112192K [0x00000000d6600000, 0x00000000ded00000, 0x00000000f2200000)
  object space 138240K, 81% used [0x00000000d6600000,0x00000000dd390148,0x00000000ded00000)
 PSPermGen       total 25600K, used 11747K [0x00000000cc000000, 0x00000000cd900000, 0x00000000d6600000)
  object space 25600K, 45% used [0x00000000cc000000,0x00000000ccb78d98,0x00000000cd900000)
Event: 134.545 GC heap after
Heap after GC invocations=20 (full 3):
 PSYoungGen      total 14848K, used 64K [0x00000000f2200000, 0x00000000f3800000, 0x0000000100000000)
  eden space 10240K, 0% used [0x00000000f2200000,0x00000000f2200000,0x00000000f2c00000)
  from space 4608K, 1% used [0x00000000f2c00000,0x00000000f2c10000,0x00000000f3080000)
  to   space 4608K, 0% used [0x00000000f3380000,0x00000000f3380000,0x00000000f3800000)
 ParOldGen       total 138240K, used 112192K [0x00000000d6600000, 0x00000000ded00000, 0x00000000f2200000)
  object space 138240K, 81% used [0x00000000d6600000,0x00000000dd390148,0x00000000ded00000)
 PSPermGen       total 25600K, used 11747K [0x00000000cc000000, 0x00000000cd900000, 0x00000000d6600000)
  object space 25600K, 45% used [0x00000000cc000000,0x00000000ccb78d98,0x00000000cd900000)
}
Event: 148.038 GC heap before
{Heap before GC invocations=21 (full 3):
 PSYoungGen      total 14848K, used 10304K [0x00000000f2200000, 0x00000000f3800000, 0x0000000100000000)
  eden space 10240K, 100% used [0x00000000f2200000,0x00000000f2c00000,0x00000000f2c00000)
  from space 4608K, 1% used [0x00000000f2c00000,0x00000000f2c10000,0x00000000f3080000)
  to   space 4608K, 0% used [0x00000000f3380000,0x00000000f3380000,0x00000000f3800000)
 ParOldGen       total 138240K, used 112192K [0x00000000d6600000, 0x00000000ded00000, 0x00000000f2200000)
  object space 138240K, 81% used [0x00000000d6600000,0x00000000dd390148,0x00000000ded00000)
 PSPermGen       total 25600K, used 11747K [0x00000000cc000000, 0x00000000cd900000, 0x00000000d6600000)
  object space 25600K, 45% used [0x00000000cc000000,0x00000000ccb78d98,0x00000000cd900000)
Event: 148.374 GC heap after
Heap after GC invocations=21 (full 3):
 PSYoungGen      total 17920K, used 64K [0x00000000f2200000, 0x00000000f3800000, 0x0000000100000000)
  eden space 13312K, 0% used [0x00000000f2200000,0x00000000f2200000,0x00000000f2f00000)
  from space 4608K, 1% used [0x00000000f3380000,0x00000000f3390000,0x00000000f3800000)
  to   space 4608K, 0% used [0x00000000f2f00000,0x00000000f2f00000,0x00000000f3380000)
 ParOldGen       total 138240K, used 112192K [0x00000000d6600000, 0x00000000ded00000, 0x00000000f2200000)
  object space 138240K, 81% used [0x00000000d6600000,0x00000000dd390148,0x00000000ded00000)
 PSPermGen       total 25600K, used 11747K [0x00000000cc000000, 0x00000000cd900000, 0x00000000d6600000)
  object space 25600K, 45% used [0x00000000cc000000,0x00000000ccb78d98,0x00000000cd900000)
}
Event: 155.628 GC heap before
{Heap before GC invocations=22 (full 3):
 PSYoungGen      total 17920K, used 13376K [0x00000000f2200000, 0x00000000f3800000, 0x0000000100000000)
  eden space 13312K, 100% used [0x00000000f2200000,0x00000000f2f00000,0x00000000f2f00000)
  from space 4608K, 1% used [0x00000000f3380000,0x00000000f3390000,0x00000000f3800000)
  to   space 4608K, 0% used [0x00000000f2f00000,0x00000000f2f00000,0x00000000f3380000)
 ParOldGen       total 138240K, used 112192K [0x00000000d6600000, 0x00000000ded00000, 0x00000000f2200000)
  object space 138240K, 81% used [0x00000000d6600000,0x00000000dd390148,0x00000000ded00000)
 PSPermGen       total 25600K, used 11747K [0x00000000cc000000, 0x00000000cd900000, 0x00000000d6600000)
  object space 25600K, 45% used [0x00000000cc000000,0x00000000ccb78fe8,0x00000000cd900000)
Event: 155.636 GC heap after
Heap after GC invocations=22 (full 3):
 PSYoungGen      total 17920K, used 64K [0x00000000f2200000, 0x00000000f3b00000, 0x0000000100000000)
  eden space 13312K, 0% used [0x00000000f2200000,0x00000000f2200000,0x00000000f2f00000)
  from space 4608K, 1% used [0x00000000f2f00000,0x00000000f2f10000,0x00000000f3380000)
  to   space 4096K, 0% used [0x00000000f3700000,0x00000000f3700000,0x00000000f3b00000)
 ParOldGen       total 138240K, used 112192K [0x00000000d6600000, 0x00000000ded00000, 0x00000000f2200000)
  object space 138240K, 81% used [0x00000000d6600000,0x00000000dd390148,0x00000000ded00000)
 PSPermGen       total 25600K, used 11747K [0x00000000cc000000, 0x00000000cd900000, 0x00000000d6600000)
  object space 25600K, 45% used [0x00000000cc000000,0x00000000ccb78fe8,0x00000000cd900000)
}

